<?xml version="1.0" encoding="UTF-8"?>
<!-- Generated by org.testng.reporters.JUnitXMLReporter -->
<testsuite ignored="0" hostname="AnnieSneha" failures="0" tests="5" name="Default test" time="5.266" errors="0" timestamp="2024-10-01T12:57:23 IST">
  <testcase classname="apiTesting.Biceeptor" name="scheduleHook" time="2.412"/>
  <testcase classname="apiTesting.Biceeptor" name="getHook" time="0.72"/>
  <testcase classname="apiTesting.Biceeptor" name="getID" time="0.694"/>
  <testcase classname="apiTesting.Biceeptor" name="updateHook" time="0.673"/>
  <testcase classname="apiTesting.Biceeptor" name="deleteID" time="0.703"/>
</testsuite> <!-- Default test -->
